{"total": {"lines":{"total":5596,"covered":4965,"skipped":0,"pct":88.72},"statements":{"total":5596,"covered":4965,"skipped":0,"pct":88.72},"functions":{"total":157,"covered":140,"skipped":0,"pct":89.17},"branches":{"total":854,"covered":698,"skipped":0,"pct":81.73},"branchesTrue":{"total":0,"covered":0,"skipped":0,"pct":100}}
,"/app/src/router.ts": {"lines":{"total":34,"covered":34,"skipped":0,"pct":100},"functions":{"total":0,"covered":0,"skipped":0,"pct":100},"statements":{"total":34,"covered":34,"skipped":0,"pct":100},"branches":{"total":0,"covered":0,"skipped":0,"pct":100}}
,"/app/src/domains/accounting/index.ts": {"lines":{"total":4,"covered":4,"skipped":0,"pct":100},"functions":{"total":0,"covered":0,"skipped":0,"pct":100},"statements":{"total":4,"covered":4,"skipped":0,"pct":100},"branches":{"total":0,"covered":0,"skipped":0,"pct":100}}
,"/app/src/domains/accounting/models.ts": {"lines":{"total":0,"covered":0,"skipped":0,"pct":100},"functions":{"total":0,"covered":0,"skipped":0,"pct":100},"statements":{"total":0,"covered":0,"skipped":0,"pct":100},"branches":{"total":0,"covered":0,"skipped":0,"pct":100}}
,"/app/src/domains/accounting/useAccountingMovementsPage.ts": {"lines":{"total":492,"covered":3,"skipped":0,"pct":0.6},"functions":{"total":1,"covered":0,"skipped":0,"pct":0},"statements":{"total":492,"covered":3,"skipped":0,"pct":0.6},"branches":{"total":0,"covered":0,"skipped":0,"pct":100}}
,"/app/src/domains/auth/composables.ts": {"lines":{"total":39,"covered":39,"skipped":0,"pct":100},"functions":{"total":2,"covered":2,"skipped":0,"pct":100},"statements":{"total":39,"covered":39,"skipped":0,"pct":100},"branches":{"total":4,"covered":4,"skipped":0,"pct":100}}
,"/app/src/domains/auth/session.ts": {"lines":{"total":41,"covered":38,"skipped":0,"pct":92.68},"functions":{"total":6,"covered":6,"skipped":0,"pct":100},"statements":{"total":41,"covered":38,"skipped":0,"pct":92.68},"branches":{"total":8,"covered":8,"skipped":0,"pct":100}}
,"/app/src/domains/aux-data/api.ts": {"lines":{"total":7,"covered":7,"skipped":0,"pct":100},"functions":{"total":1,"covered":1,"skipped":0,"pct":100},"statements":{"total":7,"covered":7,"skipped":0,"pct":100},"branches":{"total":1,"covered":1,"skipped":0,"pct":100}}
,"/app/src/domains/aux-data/index.ts": {"lines":{"total":3,"covered":3,"skipped":0,"pct":100},"functions":{"total":0,"covered":0,"skipped":0,"pct":100},"statements":{"total":3,"covered":3,"skipped":0,"pct":100},"branches":{"total":0,"covered":0,"skipped":0,"pct":100}}
,"/app/src/domains/aux-data/types.ts": {"lines":{"total":0,"covered":0,"skipped":0,"pct":100},"functions":{"total":0,"covered":0,"skipped":0,"pct":100},"statements":{"total":0,"covered":0,"skipped":0,"pct":100},"branches":{"total":0,"covered":0,"skipped":0,"pct":100}}
,"/app/src/domains/budget/api.ts": {"lines":{"total":32,"covered":10,"skipped":0,"pct":31.25},"functions":{"total":5,"covered":1,"skipped":0,"pct":20},"statements":{"total":32,"covered":10,"skipped":0,"pct":31.25},"branches":{"total":2,"covered":1,"skipped":0,"pct":50}}
,"/app/src/domains/budget/index.ts": {"lines":{"total":8,"covered":8,"skipped":0,"pct":100},"functions":{"total":0,"covered":0,"skipped":0,"pct":100},"statements":{"total":8,"covered":8,"skipped":0,"pct":100},"branches":{"total":0,"covered":0,"skipped":0,"pct":100}}
,"/app/src/domains/budget/types.ts": {"lines":{"total":0,"covered":0,"skipped":0,"pct":100},"functions":{"total":0,"covered":0,"skipped":0,"pct":100},"statements":{"total":0,"covered":0,"skipped":0,"pct":100},"branches":{"total":0,"covered":0,"skipped":0,"pct":100}}
,"/app/src/domains/data-input/annualEntryUtils.ts": {"lines":{"total":27,"covered":27,"skipped":0,"pct":100},"functions":{"total":2,"covered":2,"skipped":0,"pct":100},"statements":{"total":27,"covered":27,"skipped":0,"pct":100},"branches":{"total":14,"covered":12,"skipped":0,"pct":85.71}}
,"/app/src/domains/data-input/expenseTaxonomy.ts": {"lines":{"total":89,"covered":89,"skipped":0,"pct":100},"functions":{"total":0,"covered":0,"skipped":0,"pct":100},"statements":{"total":89,"covered":89,"skipped":0,"pct":100},"branches":{"total":0,"covered":0,"skipped":0,"pct":100}}
,"/app/src/domains/data-input/incomeTaxonomy.ts": {"lines":{"total":93,"covered":93,"skipped":0,"pct":100},"functions":{"total":0,"covered":0,"skipped":0,"pct":100},"statements":{"total":93,"covered":93,"skipped":0,"pct":100},"branches":{"total":0,"covered":0,"skipped":0,"pct":100}}
,"/app/src/domains/data-input/index.ts": {"lines":{"total":8,"covered":8,"skipped":0,"pct":100},"functions":{"total":0,"covered":0,"skipped":0,"pct":100},"statements":{"total":8,"covered":8,"skipped":0,"pct":100},"branches":{"total":0,"covered":0,"skipped":0,"pct":100}}
,"/app/src/domains/data-input/pageApi.ts": {"lines":{"total":3,"covered":3,"skipped":0,"pct":100},"functions":{"total":0,"covered":0,"skipped":0,"pct":100},"statements":{"total":3,"covered":3,"skipped":0,"pct":100},"branches":{"total":0,"covered":0,"skipped":0,"pct":100}}
,"/app/src/domains/data-input/useDataInputFilters.ts": {"lines":{"total":32,"covered":32,"skipped":0,"pct":100},"functions":{"total":3,"covered":3,"skipped":0,"pct":100},"statements":{"total":32,"covered":32,"skipped":0,"pct":100},"branches":{"total":7,"covered":7,"skipped":0,"pct":100}}
,"/app/src/domains/data-input/components/AmountPeriodCurrencyRow.vue": {"lines":{"total":39,"covered":39,"skipped":0,"pct":100},"functions":{"total":0,"covered":0,"skipped":0,"pct":100},"statements":{"total":39,"covered":39,"skipped":0,"pct":100},"branches":{"total":0,"covered":0,"skipped":0,"pct":100}}
,"/app/src/domains/data-input/components/AnnualEntryModalForm.vue": {"lines":{"total":129,"covered":129,"skipped":0,"pct":100},"functions":{"total":0,"covered":0,"skipped":0,"pct":100},"statements":{"total":129,"covered":129,"skipped":0,"pct":100},"branches":{"total":0,"covered":0,"skipped":0,"pct":100}}
,"/app/src/domains/guide/index.ts": {"lines":{"total":12,"covered":12,"skipped":0,"pct":100},"functions":{"total":0,"covered":0,"skipped":0,"pct":100},"statements":{"total":12,"covered":12,"skipped":0,"pct":100},"branches":{"total":0,"covered":0,"skipped":0,"pct":100}}
,"/app/src/domains/guide/phaseDiagnostics.ts": {"lines":{"total":374,"covered":365,"skipped":0,"pct":97.59},"functions":{"total":17,"covered":16,"skipped":0,"pct":94.11},"statements":{"total":374,"covered":365,"skipped":0,"pct":97.59},"branches":{"total":191,"covered":163,"skipped":0,"pct":85.34}}
,"/app/src/domains/guide/phases.ts": {"lines":{"total":46,"covered":44,"skipped":0,"pct":95.65},"functions":{"total":3,"covered":2,"skipped":0,"pct":66.66},"statements":{"total":46,"covered":44,"skipped":0,"pct":95.65},"branches":{"total":4,"covered":3,"skipped":0,"pct":75}}
,"/app/src/domains/guide/scoreVisuals.ts": {"lines":{"total":50,"covered":50,"skipped":0,"pct":100},"functions":{"total":3,"covered":3,"skipped":0,"pct":100},"statements":{"total":50,"covered":50,"skipped":0,"pct":100},"branches":{"total":11,"covered":11,"skipped":0,"pct":100}}
,"/app/src/domains/guide/useGuidePhaseDetail.ts": {"lines":{"total":4,"covered":4,"skipped":0,"pct":100},"functions":{"total":1,"covered":1,"skipped":0,"pct":100},"statements":{"total":4,"covered":4,"skipped":0,"pct":100},"branches":{"total":1,"covered":1,"skipped":0,"pct":100}}
,"/app/src/domains/guide/components/GuidePhaseDiagnostics.vue": {"lines":{"total":104,"covered":104,"skipped":0,"pct":100},"functions":{"total":1,"covered":0,"skipped":0,"pct":0},"statements":{"total":104,"covered":104,"skipped":0,"pct":100},"branches":{"total":3,"covered":2,"skipped":0,"pct":66.66}}
,"/app/src/domains/guide/components/GuidePhaseProgress.vue": {"lines":{"total":40,"covered":40,"skipped":0,"pct":100},"functions":{"total":0,"covered":0,"skipped":0,"pct":100},"statements":{"total":40,"covered":40,"skipped":0,"pct":100},"branches":{"total":4,"covered":3,"skipped":0,"pct":75}}
,"/app/src/domains/guide/components/GuidePhaseSummary.vue": {"lines":{"total":83,"covered":77,"skipped":0,"pct":92.77},"functions":{"total":0,"covered":0,"skipped":0,"pct":100},"statements":{"total":83,"covered":77,"skipped":0,"pct":92.77},"branches":{"total":8,"covered":6,"skipped":0,"pct":75}}
,"/app/src/domains/guide/components/ScoreGradeBadge.vue": {"lines":{"total":11,"covered":11,"skipped":0,"pct":100},"functions":{"total":0,"covered":0,"skipped":0,"pct":100},"statements":{"total":11,"covered":11,"skipped":0,"pct":100},"branches":{"total":0,"covered":0,"skipped":0,"pct":100}}
,"/app/src/domains/guide/components/ScoreGradeLabel.vue": {"lines":{"total":13,"covered":13,"skipped":0,"pct":100},"functions":{"total":0,"covered":0,"skipped":0,"pct":100},"statements":{"total":13,"covered":13,"skipped":0,"pct":100},"branches":{"total":2,"covered":2,"skipped":0,"pct":100}}
,"/app/src/domains/guide/components/ScoreHealthBadge.vue": {"lines":{"total":10,"covered":10,"skipped":0,"pct":100},"functions":{"total":0,"covered":0,"skipped":0,"pct":100},"statements":{"total":10,"covered":10,"skipped":0,"pct":100},"branches":{"total":2,"covered":1,"skipped":0,"pct":50}}
,"/app/src/domains/guide/components/ScoreMeterRow.vue": {"lines":{"total":17,"covered":17,"skipped":0,"pct":100},"functions":{"total":1,"covered":1,"skipped":0,"pct":100},"statements":{"total":17,"covered":17,"skipped":0,"pct":100},"branches":{"total":2,"covered":2,"skipped":0,"pct":100}}
,"/app/src/domains/net-worth/api.ts": {"lines":{"total":90,"covered":82,"skipped":0,"pct":91.11},"functions":{"total":25,"covered":22,"skipped":0,"pct":88},"statements":{"total":90,"covered":82,"skipped":0,"pct":91.11},"branches":{"total":26,"covered":22,"skipped":0,"pct":84.61}}
,"/app/src/domains/net-worth/charts.ts": {"lines":{"total":25,"covered":25,"skipped":0,"pct":100},"functions":{"total":3,"covered":3,"skipped":0,"pct":100},"statements":{"total":25,"covered":25,"skipped":0,"pct":100},"branches":{"total":11,"covered":5,"skipped":0,"pct":45.45}}
,"/app/src/domains/net-worth/index.ts": {"lines":{"total":18,"covered":18,"skipped":0,"pct":100},"functions":{"total":0,"covered":0,"skipped":0,"pct":100},"statements":{"total":18,"covered":18,"skipped":0,"pct":100},"branches":{"total":0,"covered":0,"skipped":0,"pct":100}}
,"/app/src/domains/net-worth/models.ts": {"lines":{"total":0,"covered":0,"skipped":0,"pct":100},"functions":{"total":0,"covered":0,"skipped":0,"pct":100},"statements":{"total":0,"covered":0,"skipped":0,"pct":100},"branches":{"total":0,"covered":0,"skipped":0,"pct":100}}
,"/app/src/domains/net-worth/ownership.ts": {"lines":{"total":22,"covered":22,"skipped":0,"pct":100},"functions":{"total":2,"covered":2,"skipped":0,"pct":100},"statements":{"total":22,"covered":22,"skipped":0,"pct":100},"branches":{"total":3,"covered":3,"skipped":0,"pct":100}}
,"/app/src/domains/net-worth/useNetWorthAccountingActivity.ts": {"lines":{"total":110,"covered":103,"skipped":0,"pct":93.63},"functions":{"total":4,"covered":4,"skipped":0,"pct":100},"statements":{"total":110,"covered":103,"skipped":0,"pct":93.63},"branches":{"total":32,"covered":25,"skipped":0,"pct":78.12}}
,"/app/src/domains/net-worth/useNetWorthOwnership.ts": {"lines":{"total":110,"covered":103,"skipped":0,"pct":93.63},"functions":{"total":8,"covered":8,"skipped":0,"pct":100},"statements":{"total":110,"covered":103,"skipped":0,"pct":93.63},"branches":{"total":56,"covered":39,"skipped":0,"pct":69.64}}
,"/app/src/domains/net-worth/useNetWorthPageActions.ts": {"lines":{"total":137,"covered":113,"skipped":0,"pct":82.48},"functions":{"total":14,"covered":10,"skipped":0,"pct":71.42},"statements":{"total":137,"covered":113,"skipped":0,"pct":82.48},"branches":{"total":23,"covered":16,"skipped":0,"pct":69.56}}
,"/app/src/domains/net-worth/useNetWorthPageMetrics.ts": {"lines":{"total":346,"covered":334,"skipped":0,"pct":96.53},"functions":{"total":7,"covered":7,"skipped":0,"pct":100},"statements":{"total":346,"covered":334,"skipped":0,"pct":96.53},"branches":{"total":147,"covered":120,"skipped":0,"pct":81.63}}
,"/app/src/domains/net-worth/useNetWorthTimeline.ts": {"lines":{"total":228,"covered":210,"skipped":0,"pct":92.1},"functions":{"total":7,"covered":7,"skipped":0,"pct":100},"statements":{"total":228,"covered":210,"skipped":0,"pct":92.1},"branches":{"total":93,"covered":77,"skipped":0,"pct":82.79}}
,"/app/src/domains/net-worth/components/EditableItemRow.vue": {"lines":{"total":53,"covered":53,"skipped":0,"pct":100},"functions":{"total":0,"covered":0,"skipped":0,"pct":100},"statements":{"total":53,"covered":53,"skipped":0,"pct":100},"branches":{"total":0,"covered":0,"skipped":0,"pct":100}}
,"/app/src/domains/net-worth/components/ItemCategoryHeader.vue": {"lines":{"total":29,"covered":29,"skipped":0,"pct":100},"functions":{"total":1,"covered":1,"skipped":0,"pct":100},"statements":{"total":29,"covered":29,"skipped":0,"pct":100},"branches":{"total":11,"covered":8,"skipped":0,"pct":72.72}}
,"/app/src/domains/net-worth/components/ItemDisplayRow.vue": {"lines":{"total":33,"covered":33,"skipped":0,"pct":100},"functions":{"total":3,"covered":3,"skipped":0,"pct":100},"statements":{"total":33,"covered":33,"skipped":0,"pct":100},"branches":{"total":13,"covered":13,"skipped":0,"pct":100}}
,"/app/src/domains/net-worth/components/ItemSubgroupHeader.vue": {"lines":{"total":14,"covered":14,"skipped":0,"pct":100},"functions":{"total":0,"covered":0,"skipped":0,"pct":100},"statements":{"total":14,"covered":14,"skipped":0,"pct":100},"branches":{"total":1,"covered":0,"skipped":0,"pct":0}}
,"/app/src/domains/net-worth/components/NetWorthByCategoryBar.vue": {"lines":{"total":141,"covered":141,"skipped":0,"pct":100},"functions":{"total":0,"covered":0,"skipped":0,"pct":100},"statements":{"total":141,"covered":141,"skipped":0,"pct":100},"branches":{"total":0,"covered":0,"skipped":0,"pct":100}}
,"/app/src/domains/net-worth/components/NetWorthByMemberBar.vue": {"lines":{"total":82,"covered":82,"skipped":0,"pct":100},"functions":{"total":0,"covered":0,"skipped":0,"pct":100},"statements":{"total":82,"covered":82,"skipped":0,"pct":100},"branches":{"total":0,"covered":0,"skipped":0,"pct":100}}
,"/app/src/domains/net-worth/components/NetWorthDonut.vue": {"lines":{"total":243,"covered":243,"skipped":0,"pct":100},"functions":{"total":0,"covered":0,"skipped":0,"pct":100},"statements":{"total":243,"covered":243,"skipped":0,"pct":100},"branches":{"total":0,"covered":0,"skipped":0,"pct":100}}
,"/app/src/domains/net-worth/components/NetWorthItemModals.vue": {"lines":{"total":42,"covered":42,"skipped":0,"pct":100},"functions":{"total":0,"covered":0,"skipped":0,"pct":100},"statements":{"total":42,"covered":42,"skipped":0,"pct":100},"branches":{"total":0,"covered":0,"skipped":0,"pct":100}}
,"/app/src/domains/net-worth/components/NetWorthSnapshotsSection.vue": {"lines":{"total":27,"covered":27,"skipped":0,"pct":100},"functions":{"total":1,"covered":1,"skipped":0,"pct":100},"statements":{"total":27,"covered":27,"skipped":0,"pct":100},"branches":{"total":3,"covered":3,"skipped":0,"pct":100}}
,"/app/src/domains/net-worth/components/NetWorthTimelineChart.vue": {"lines":{"total":125,"covered":125,"skipped":0,"pct":100},"functions":{"total":0,"covered":0,"skipped":0,"pct":100},"statements":{"total":125,"covered":125,"skipped":0,"pct":100},"branches":{"total":0,"covered":0,"skipped":0,"pct":100}}
,"/app/src/domains/net-worth/components/NetWorthTimelineMain.vue": {"lines":{"total":132,"covered":131,"skipped":0,"pct":99.24},"functions":{"total":2,"covered":2,"skipped":0,"pct":100},"statements":{"total":132,"covered":131,"skipped":0,"pct":99.24},"branches":{"total":15,"covered":11,"skipped":0,"pct":73.33}}
,"/app/src/domains/net-worth/components/SettingsPopover.vue": {"lines":{"total":125,"covered":125,"skipped":0,"pct":100},"functions":{"total":0,"covered":0,"skipped":0,"pct":100},"statements":{"total":125,"covered":125,"skipped":0,"pct":100},"branches":{"total":0,"covered":0,"skipped":0,"pct":100}}
,"/app/src/domains/people/api.ts": {"lines":{"total":38,"covered":38,"skipped":0,"pct":100},"functions":{"total":8,"covered":8,"skipped":0,"pct":100},"statements":{"total":38,"covered":38,"skipped":0,"pct":100},"branches":{"total":9,"covered":8,"skipped":0,"pct":88.88}}
,"/app/src/domains/people/errors.ts": {"lines":{"total":30,"covered":26,"skipped":0,"pct":86.66},"functions":{"total":1,"covered":1,"skipped":0,"pct":100},"statements":{"total":30,"covered":26,"skipped":0,"pct":86.66},"branches":{"total":19,"covered":12,"skipped":0,"pct":63.15}}
,"/app/src/domains/people/index.ts": {"lines":{"total":8,"covered":8,"skipped":0,"pct":100},"functions":{"total":0,"covered":0,"skipped":0,"pct":100},"statements":{"total":8,"covered":8,"skipped":0,"pct":100},"branches":{"total":0,"covered":0,"skipped":0,"pct":100}}
,"/app/src/domains/people/store.ts": {"lines":{"total":137,"covered":126,"skipped":0,"pct":91.97},"functions":{"total":11,"covered":11,"skipped":0,"pct":100},"statements":{"total":137,"covered":126,"skipped":0,"pct":91.97},"branches":{"total":32,"covered":25,"skipped":0,"pct":78.12}}
,"/app/src/domains/people/types.ts": {"lines":{"total":0,"covered":0,"skipped":0,"pct":100},"functions":{"total":0,"covered":0,"skipped":0,"pct":100},"statements":{"total":0,"covered":0,"skipped":0,"pct":100},"branches":{"total":0,"covered":0,"skipped":0,"pct":100}}
,"/app/src/domains/people/components/FamilyMemberManager.vue": {"lines":{"total":166,"covered":166,"skipped":0,"pct":100},"functions":{"total":2,"covered":1,"skipped":0,"pct":50},"statements":{"total":166,"covered":166,"skipped":0,"pct":100},"branches":{"total":6,"covered":4,"skipped":0,"pct":66.66}}
,"/app/src/domains/people/components/OwnershipLabel.vue": {"lines":{"total":24,"covered":24,"skipped":0,"pct":100},"functions":{"total":0,"covered":0,"skipped":0,"pct":100},"statements":{"total":24,"covered":24,"skipped":0,"pct":100},"branches":{"total":0,"covered":0,"skipped":0,"pct":100}}
,"/app/src/domains/people/components/OwnershipManager.vue": {"lines":{"total":142,"covered":142,"skipped":0,"pct":100},"functions":{"total":2,"covered":1,"skipped":0,"pct":50},"statements":{"total":142,"covered":142,"skipped":0,"pct":100},"branches":{"total":7,"covered":4,"skipped":0,"pct":57.14}}
,"/app/src/domains/ui/index.ts": {"lines":{"total":1,"covered":1,"skipped":0,"pct":100},"functions":{"total":0,"covered":0,"skipped":0,"pct":100},"statements":{"total":1,"covered":1,"skipped":0,"pct":100},"branches":{"total":0,"covered":0,"skipped":0,"pct":100}}
,"/app/src/lib/errors.ts": {"lines":{"total":74,"covered":66,"skipped":0,"pct":89.18},"functions":{"total":6,"covered":6,"skipped":0,"pct":100},"statements":{"total":74,"covered":66,"skipped":0,"pct":89.18},"branches":{"total":62,"covered":57,"skipped":0,"pct":91.93}}
,"/app/src/lib/format.ts": {"lines":{"total":40,"covered":40,"skipped":0,"pct":100},"functions":{"total":4,"covered":4,"skipped":0,"pct":100},"statements":{"total":40,"covered":40,"skipped":0,"pct":100},"branches":{"total":14,"covered":12,"skipped":0,"pct":85.71}}
,"/app/src/shell/appShellNav.ts": {"lines":{"total":38,"covered":38,"skipped":0,"pct":100},"functions":{"total":0,"covered":0,"skipped":0,"pct":100},"statements":{"total":38,"covered":38,"skipped":0,"pct":100},"branches":{"total":0,"covered":0,"skipped":0,"pct":100}}
,"/app/src/views/AccountView.vue": {"lines":{"total":53,"covered":53,"skipped":0,"pct":100},"functions":{"total":0,"covered":0,"skipped":0,"pct":100},"statements":{"total":53,"covered":53,"skipped":0,"pct":100},"branches":{"total":0,"covered":0,"skipped":0,"pct":100}}
,"/app/src/views/BudgetView.vue": {"lines":{"total":2,"covered":2,"skipped":0,"pct":100},"functions":{"total":0,"covered":0,"skipped":0,"pct":100},"statements":{"total":2,"covered":2,"skipped":0,"pct":100},"branches":{"total":0,"covered":0,"skipped":0,"pct":100}}
,"/app/src/views/DataInputView.vue": {"lines":{"total":10,"covered":10,"skipped":0,"pct":100},"functions":{"total":0,"covered":0,"skipped":0,"pct":100},"statements":{"total":10,"covered":10,"skipped":0,"pct":100},"branches":{"total":0,"covered":0,"skipped":0,"pct":100}}
,"/app/src/views/HomeView.vue": {"lines":{"total":75,"covered":75,"skipped":0,"pct":100},"functions":{"total":0,"covered":0,"skipped":0,"pct":100},"statements":{"total":75,"covered":75,"skipped":0,"pct":100},"branches":{"total":0,"covered":0,"skipped":0,"pct":100}}
,"/app/src/views/LoginView.vue": {"lines":{"total":34,"covered":34,"skipped":0,"pct":100},"functions":{"total":0,"covered":0,"skipped":0,"pct":100},"statements":{"total":34,"covered":34,"skipped":0,"pct":100},"branches":{"total":7,"covered":7,"skipped":0,"pct":100}}
,"/app/src/views/MonthlyCloseView.vue": {"lines":{"total":2,"covered":2,"skipped":0,"pct":100},"functions":{"total":0,"covered":0,"skipped":0,"pct":100},"statements":{"total":2,"covered":2,"skipped":0,"pct":100},"branches":{"total":0,"covered":0,"skipped":0,"pct":100}}
,"/app/src/views/PeopleView.vue": {"lines":{"total":37,"covered":37,"skipped":0,"pct":100},"functions":{"total":0,"covered":0,"skipped":0,"pct":100},"statements":{"total":37,"covered":37,"skipped":0,"pct":100},"branches":{"total":0,"covered":0,"skipped":0,"pct":100}}
,"/app/src/views/data-input/DataInputAnnualSections.vue": {"lines":{"total":406,"covered":406,"skipped":0,"pct":100},"functions":{"total":0,"covered":0,"skipped":0,"pct":100},"statements":{"total":406,"covered":406,"skipped":0,"pct":100},"branches":{"total":0,"covered":0,"skipped":0,"pct":100}}
,"/app/src/views/data-input/DataInputIntroCard.vue": {"lines":{"total":89,"covered":89,"skipped":0,"pct":100},"functions":{"total":0,"covered":0,"skipped":0,"pct":100},"statements":{"total":89,"covered":89,"skipped":0,"pct":100},"branches":{"total":0,"covered":0,"skipped":0,"pct":100}}
,"/app/src/views/data-input/DataInputPatrimonySection.vue": {"lines":{"total":214,"covered":214,"skipped":0,"pct":100},"functions":{"total":0,"covered":0,"skipped":0,"pct":100},"statements":{"total":214,"covered":214,"skipped":0,"pct":100},"branches":{"total":0,"covered":0,"skipped":0,"pct":100}}
}
